<?xml version="1.0" encoding="UTF-8"?>
<coverage generated="1733961972149" clover="3.2.0">
  <project timestamp="1733961972149" name="All files">
    <metrics statements="14" coveredstatements="14" conditionals="6" coveredconditionals="6" methods="5" coveredmethods="5" elements="25" coveredelements="25" complexity="0" loc="14" ncloc="14" packages="1" files="1" classes="1"/>
    <file name="EventList.tsx" path="/Users/vinayakrao/UMassEventsMap/frontend/components/EventList.tsx">
      <metrics statements="14" coveredstatements="14" conditionals="6" coveredconditionals="6" methods="5" coveredmethods="5"/>
      <line num="23" count="3" type="cond" truecount="2" falsecount="0"/>
      <line num="24" count="1" type="stmt"/>
      <line num="32" count="2" type="cond" truecount="2" falsecount="0"/>
      <line num="33" count="1" type="stmt"/>
      <line num="41" count="1" type="stmt"/>
      <line num="48" count="2" type="stmt"/>
      <line num="50" count="4" type="stmt"/>
      <line num="63" count="6" type="stmt"/>
      <line num="64" count="1" type="stmt"/>
      <line num="70" count="6" type="stmt"/>
      <line num="71" count="6" type="stmt"/>
      <line num="76" count="6" type="stmt"/>
      <line num="78" count="6" type="stmt"/>
      <line num="134" count="2" type="stmt"/>
    </file>
  </project>
</coverage>
