<?xml version="1.0" encoding="UTF-8"?>
<coverage generated="1733959529247" clover="3.2.0">
  <project timestamp="1733959529247" name="All files">
    <metrics statements="14" coveredstatements="7" conditionals="6" coveredconditionals="2" methods="5" coveredmethods="2" elements="25" coveredelements="11" complexity="0" loc="14" ncloc="14" packages="1" files="1" classes="1"/>
    <file name="EventList.tsx" path="/Users/vinayakrao/UMassEventsMap/frontend/components/EventList.tsx">
      <metrics statements="14" coveredstatements="7" conditionals="6" coveredconditionals="2" methods="5" coveredmethods="2"/>
      <line num="23" count="0" type="cond" truecount="0" falsecount="2"/>
      <line num="24" count="0" type="stmt"/>
      <line num="32" count="0" type="cond" truecount="0" falsecount="2"/>
      <line num="33" count="0" type="stmt"/>
      <line num="41" count="0" type="stmt"/>
      <line num="48" count="0" type="stmt"/>
      <line num="50" count="0" type="stmt"/>
      <line num="62" count="4" type="stmt"/>
      <line num="63" count="1" type="stmt"/>
      <line num="69" count="4" type="stmt"/>
      <line num="70" count="4" type="stmt"/>
      <line num="75" count="4" type="stmt"/>
      <line num="77" count="4" type="stmt"/>
      <line num="133" count="1" type="stmt"/>
    </file>
  </project>
</coverage>
