{"/Users/vinayakrao/UMassEventsMap/frontend/components/EventList.tsx": {"path":"/Users/vinayakrao/UMassEventsMap/frontend/components/EventList.tsx","statementMap":{"0":{"start":{"line":23,"column":2},"end":{"line":29,"column":3}},"1":{"start":{"line":24,"column":4},"end":{"line":28,"column":6}},"2":{"start":{"line":32,"column":2},"end":{"line":38,"column":3}},"3":{"start":{"line":33,"column":4},"end":{"line":37,"column":6}},"4":{"start":{"line":41,"column":2},"end":{"line":53,"column":4}},"5":{"start":{"line":48,"column":33},"end":{"line":48,"column":58}},"6":{"start":{"line":50,"column":30},"end":{"line":50,"column":48}},"7":{"start":{"line":63,"column":23},"end":{"line":67,"column":3}},"8":{"start":{"line":64,"column":4},"end":{"line":66,"column":7}},"9":{"start":{"line":70,"column":22},"end":{"line":70,"column":32}},"10":{"start":{"line":71,"column":20},"end":{"line":71,"column":59}},"11":{"start":{"line":76,"column":22},"end":{"line":76,"column":86}},"12":{"start":{"line":78,"column":2},"end":{"line":131,"column":4}},"13":{"start":{"line":134,"column":15},"end":{"line":187,"column":2}}},"fnMap":{"0":{"name":"EventList","decl":{"start":{"line":21,"column":24},"end":{"line":21,"column":33}},"loc":{"start":{"line":21,"column":62},"end":{"line":54,"column":1}},"line":21},"1":{"name":"(anonymous_1)","decl":{"start":{"line":48,"column":18},"end":{"line":48,"column":19}},"loc":{"start":{"line":48,"column":33},"end":{"line":48,"column":58}},"line":48},"2":{"name":"(anonymous_2)","decl":{"start":{"line":50,"column":20},"end":{"line":50,"column":21}},"loc":{"start":{"line":50,"column":30},"end":{"line":50,"column":48}},"line":50},"3":{"name":"EventCard","decl":{"start":{"line":61,"column":16},"end":{"line":61,"column":25}},"loc":{"start":{"line":61,"column":55},"end":{"line":132,"column":1}},"line":61},"4":{"name":"(anonymous_4)","decl":{"start":{"line":63,"column":23},"end":{"line":63,"column":24}},"loc":{"start":{"line":63,"column":29},"end":{"line":67,"column":3}},"line":63}},"branchMap":{"0":{"loc":{"start":{"line":23,"column":2},"end":{"line":29,"column":3}},"type":"if","locations":[{"start":{"line":23,"column":2},"end":{"line":29,"column":3}},{"start":{},"end":{}}],"line":23},"1":{"loc":{"start":{"line":32,"column":2},"end":{"line":38,"column":3}},"type":"if","locations":[{"start":{"line":32,"column":2},"end":{"line":38,"column":3}},{"start":{},"end":{}}],"line":32},"2":{"loc":{"start":{"line":84,"column":10},"end":{"line":84,"column":62}},"type":"cond-expr","locations":[{"start":{"line":84,"column":24},"end":{"line":84,"column":40}},{"start":{"line":84,"column":43},"end":{"line":84,"column":62}}],"line":84}},"s":{"0":3,"1":1,"2":2,"3":1,"4":1,"5":2,"6":4,"7":6,"8":1,"9":6,"10":6,"11":6,"12":6,"13":2},"f":{"0":3,"1":2,"2":4,"3":6,"4":1},"b":{"0":[1,2],"1":[1,1],"2":[2,4]},"_coverageSchema":"1a1c01bbd47fc00a2c39e90264f33305004495a9","hash":"352d348803a3bcfc6488e8e199a5b1ffb4a61d5b"}
}
