{"/Users/vinayakrao/UMassEventsMap/frontend/components/EventList.tsx": {"path":"/Users/vinayakrao/UMassEventsMap/frontend/components/EventList.tsx","statementMap":{"0":{"start":{"line":23,"column":2},"end":{"line":29,"column":3}},"1":{"start":{"line":24,"column":4},"end":{"line":28,"column":6}},"2":{"start":{"line":32,"column":2},"end":{"line":38,"column":3}},"3":{"start":{"line":33,"column":4},"end":{"line":37,"column":6}},"4":{"start":{"line":41,"column":2},"end":{"line":52,"column":4}},"5":{"start":{"line":48,"column":33},"end":{"line":48,"column":58}},"6":{"start":{"line":50,"column":30},"end":{"line":50,"column":48}},"7":{"start":{"line":62,"column":23},"end":{"line":66,"column":3}},"8":{"start":{"line":63,"column":4},"end":{"line":65,"column":7}},"9":{"start":{"line":69,"column":22},"end":{"line":69,"column":32}},"10":{"start":{"line":70,"column":20},"end":{"line":70,"column":59}},"11":{"start":{"line":75,"column":22},"end":{"line":75,"column":86}},"12":{"start":{"line":77,"column":2},"end":{"line":130,"column":4}},"13":{"start":{"line":133,"column":15},"end":{"line":186,"column":2}}},"fnMap":{"0":{"name":"EventList","decl":{"start":{"line":21,"column":24},"end":{"line":21,"column":33}},"loc":{"start":{"line":21,"column":62},"end":{"line":53,"column":1}},"line":21},"1":{"name":"(anonymous_1)","decl":{"start":{"line":48,"column":18},"end":{"line":48,"column":19}},"loc":{"start":{"line":48,"column":33},"end":{"line":48,"column":58}},"line":48},"2":{"name":"(anonymous_2)","decl":{"start":{"line":50,"column":20},"end":{"line":50,"column":21}},"loc":{"start":{"line":50,"column":30},"end":{"line":50,"column":48}},"line":50},"3":{"name":"EventCard","decl":{"start":{"line":60,"column":16},"end":{"line":60,"column":25}},"loc":{"start":{"line":60,"column":55},"end":{"line":131,"column":1}},"line":60},"4":{"name":"(anonymous_4)","decl":{"start":{"line":62,"column":23},"end":{"line":62,"column":24}},"loc":{"start":{"line":62,"column":29},"end":{"line":66,"column":3}},"line":62}},"branchMap":{"0":{"loc":{"start":{"line":23,"column":2},"end":{"line":29,"column":3}},"type":"if","locations":[{"start":{"line":23,"column":2},"end":{"line":29,"column":3}},{"start":{},"end":{}}],"line":23},"1":{"loc":{"start":{"line":32,"column":2},"end":{"line":38,"column":3}},"type":"if","locations":[{"start":{"line":32,"column":2},"end":{"line":38,"column":3}},{"start":{},"end":{}}],"line":32},"2":{"loc":{"start":{"line":83,"column":10},"end":{"line":83,"column":62}},"type":"cond-expr","locations":[{"start":{"line":83,"column":24},"end":{"line":83,"column":40}},{"start":{"line":83,"column":43},"end":{"line":83,"column":62}}],"line":83}},"s":{"0":0,"1":0,"2":0,"3":0,"4":0,"5":0,"6":0,"7":4,"8":1,"9":4,"10":4,"11":4,"12":4,"13":1},"f":{"0":0,"1":0,"2":0,"3":4,"4":1},"b":{"0":[0,0],"1":[0,0],"2":[1,3]},"_coverageSchema":"1a1c01bbd47fc00a2c39e90264f33305004495a9","hash":"c6a5b7caf0b5ec04bd903f8b9aa2b64ffc8ac0b9"}
}
